2023-01-08 00:00:33.545  INFO 17552 --- [main] lavalink.server.Launcher                 : Starting Launcher using Java 16.0.1 on a2278f4eb967 with PID 17552 (/home/runner/MiiBot/Lavalink.jar started by runner in /home/runner/MiiBot)
2023-01-08 00:00:33.561  INFO 17552 --- [main] lavalink.server.Launcher                 : No active profile set, falling back to 1 default profile: "default"
2023-01-08 00:00:35.236  INFO 17552 --- [main] lavalink.server.Launcher                 : Started Launcher in 2.633 seconds (JVM running for 3.788)
2023-01-08 00:00:35.240  INFO 17552 --- [main] lavalink.server.Launcher                 : You can safely ignore the big red warning about illegal reflection. See https://github.com/freyacodes/Lavalink/issues/295
2023-01-08 00:00:35.355  INFO 17552 --- [main] lavalink.server.Launcher                 : 

[32m       .  [31m _                  _ _       _    [32m__ _ _
[32m      /\\ [31m| | __ ___   ____ _| (_)_ __ | | __[32m\ \ \ \
[32m     ( ( )[31m| |/ _` \ \ / / _` | | | '_ \| |/ /[32m \ \ \ \
[32m      \\/ [31m| | (_| |\ V / (_| | | | | | |   < [32m  ) ) ) )
[32m       '  [31m|_|\__,_| \_/ \__,_|_|_|_| |_|_|\_\[32m / / / /
[0m    =========================================[32m/_/_/_/[0m

	Version:        3.6.2
	Build time:     08.11.2022 09:02:53 UTC
	Branch          HEAD
	Commit:         4782f1f
	Commit time:    08.11.2022 09:01:14 UTC
	JVM:            16.0.1
	Lavaplayer      1.3.99.1-original

2023-01-08 00:00:35.365  INFO 17552 --- [main] lavalink.server.Launcher                 : No active profile set, falling back to 1 default profile: "default"
2023-01-08 00:00:36.385  WARN 17552 --- [main] io.undertow.websockets.jsr               : UT026010: Buffer pool was not set on WebSocketDeploymentInfo, the default pool will be used
2023-01-08 00:00:36.415  INFO 17552 --- [main] io.undertow.servlet                      : Initializing Spring embedded WebApplicationContext
2023-01-08 00:00:36.415  INFO 17552 --- [main] w.s.c.ServletWebServerApplicationContext : Root WebApplicationContext: initialization completed in 1038 ms
2023-01-08 00:00:36.851  INFO 17552 --- [main] c.s.d.l.tools.GarbageCollectionMonitor   : GC monitoring enabled, reporting results every 2 minutes.
2023-01-08 00:00:37.071  INFO 17552 --- [main] lavalink.server.config.KoeConfiguration  : OS: LINUX, Arch: X86_64
2023-01-08 00:00:37.071  INFO 17552 --- [main] lavalink.server.config.KoeConfiguration  : Enabling JDA-NAS
2023-01-08 00:00:37.076  INFO 17552 --- [main] c.s.l.c.natives.NativeLibraryLoader      : Native library udpqueue: loading with filter null
2023-01-08 00:00:37.082  INFO 17552 --- [main] c.s.l.c.natives.NativeLibraryLoader      : Native library udpqueue: successfully loaded.
2023-01-08 00:00:37.120  WARN 17552 --- [main] l.server.config.SentryConfiguration      : Turning off sentry
2023-01-08 00:00:37.462  INFO 17552 --- [main] io.undertow                              : starting server: Undertow - 2.2.16.Final
2023-01-08 00:00:37.477  INFO 17552 --- [main] org.xnio                                 : XNIO version 3.8.6.Final
2023-01-08 00:00:37.491  INFO 17552 --- [main] org.xnio.nio                             : XNIO NIO Implementation Version 3.8.6.Final
2023-01-08 00:00:37.590  INFO 17552 --- [main] org.jboss.threads                        : JBoss Threads version 3.1.0.Final
2023-01-08 00:00:37.657  INFO 17552 --- [main] o.s.b.w.e.undertow.UndertowWebServer     : Undertow started on port(s) 235 (http)
2023-01-08 00:00:37.673  INFO 17552 --- [main] lavalink.server.Launcher                 : Started Launcher in 2.427 seconds (JVM running for 6.225)
2023-01-08 00:00:37.675  INFO 17552 --- [main] lavalink.server.Launcher                 : Lavalink is ready to accept connections.
2023-01-08 00:00:39.431  INFO 17552 --- [XNIO-1 task-1] io.undertow.servlet                      : Initializing Spring DispatcherServlet 'dispatcherServlet'
2023-01-08 00:00:39.432  INFO 17552 --- [XNIO-1 task-1] o.s.web.servlet.DispatcherServlet        : Initializing Servlet 'dispatcherServlet'
2023-01-08 00:00:39.434  INFO 17552 --- [XNIO-1 task-1] o.s.web.servlet.DispatcherServlet        : Completed initialization in 2 ms
2023-01-08 00:00:39.453  INFO 17552 --- [XNIO-1 task-1] l.server.io.HandshakeInterceptorImpl     : Incoming connection from /127.0.0.1:54176
2023-01-08 00:00:39.522  INFO 17552 --- [XNIO-1 task-1] lavalink.server.io.SocketServer          : Connection successfully established from DSharpPlus.Lavalink
2023-01-08 00:18:54.789  INFO 17552 --- [SpringApplicationShutdownHook] io.undertow                              : stopping server: Undertow - 2.2.16.Final
2023-01-08 00:18:54.793  INFO 17552 --- [SpringApplicationShutdownHook] io.undertow.servlet                      : Destroying Spring FrameworkServlet 'dispatcherServlet'
2023-01-08 00:18:54.807 ERROR 17552 --- [XNIO-1 I/O-4] org.xnio.listener                        : XNIO001007: A channel event listener threw an exception

java.util.concurrent.RejectedExecutionException: XNIO007007: Thread is terminating
	at org.xnio.nio.WorkerThread.execute(WorkerThread.java:620) ~[xnio-nio-3.8.6.Final.jar!/:3.8.6.Final]
	at io.undertow.websockets.jsr.UndertowSession$3.handleEvent(UndertowSession.java:396) ~[undertow-websockets-jsr-2.2.16.Final.jar!/:2.2.16.Final]
	at io.undertow.websockets.jsr.UndertowSession$3.handleEvent(UndertowSession.java:388) ~[undertow-websockets-jsr-2.2.16.Final.jar!/:2.2.16.Final]
	at org.xnio.ChannelListeners.invokeChannelListener(ChannelListeners.java:92) ~[xnio-api-3.8.6.Final.jar!/:3.8.6.Final]
	at io.undertow.server.protocol.framed.AbstractFramedChannel$FrameCloseListener.handleEvent(AbstractFramedChannel.java:1081) ~[undertow-core-2.2.16.Final.jar!/:2.2.16.Final]
	at io.undertow.server.protocol.framed.AbstractFramedChannel$FrameCloseListener.handleEvent(AbstractFramedChannel.java:994) ~[undertow-core-2.2.16.Final.jar!/:2.2.16.Final]
	at org.xnio.ChannelListeners.invokeChannelListener(ChannelListeners.java:92) ~[xnio-api-3.8.6.Final.jar!/:3.8.6.Final]
	at org.xnio.conduits.WriteReadyHandler$ChannelListenerHandler.terminated(WriteReadyHandler.java:70) ~[xnio-api-3.8.6.Final.jar!/:3.8.6.Final]
	at org.xnio.nio.NioSocketConduit.writeTerminated(NioSocketConduit.java:204) ~[xnio-nio-3.8.6.Final.jar!/:3.8.6.Final]
	at org.xnio.nio.NioSocketConduit.terminateWrites(NioSocketConduit.java:193) ~[xnio-nio-3.8.6.Final.jar!/:3.8.6.Final]
	at org.xnio.nio.NioSocketConduit.truncateWrites(NioSocketConduit.java:198) ~[xnio-nio-3.8.6.Final.jar!/:3.8.6.Final]
	at io.undertow.conduits.IdleTimeoutConduit.truncateWrites(IdleTimeoutConduit.java:387) ~[undertow-core-2.2.16.Final.jar!/:2.2.16.Final]
	at org.xnio.conduits.ConduitStreamSinkChannel.close(ConduitStreamSinkChannel.java:186) ~[xnio-api-3.8.6.Final.jar!/:3.8.6.Final]
	at org.xnio.IoUtils.safeClose(IoUtils.java:152) ~[xnio-api-3.8.6.Final.jar!/:3.8.6.Final]
	at org.xnio.conduits.WriteReadyHandler$ChannelListenerHandler.forceTermination(WriteReadyHandler.java:57) ~[xnio-api-3.8.6.Final.jar!/:3.8.6.Final]
	at org.xnio.nio.NioSocketConduit.forceTermination(NioSocketConduit.java:108) ~[xnio-nio-3.8.6.Final.jar!/:3.8.6.Final]
	at org.xnio.nio.WorkerThread.run(WorkerThread.java:507) ~[xnio-nio-3.8.6.Final.jar!/:3.8.6.Final]

2023-01-08 00:18:54.808  INFO 17552 --- [SpringApplicationShutdownHook] c.s.d.l.tools.GarbageCollectionMonitor   : GC monitoring disabled.
